Copyright 1986-2021 Xilinx, Inc. All Rights Reserved.
-------------------------------------------------------------------------------------------------------------------------------------------------------------------------------
| Tool Version     : Vivado v.2021.2 (win64) Build 3367213 Tue Oct 19 02:48:09 MDT 2021
| Date             : Wed Nov  8 09:37:55 2023
| Host             : JingDevice running 64-bit major release  (build 9200)
| Command          : report_power -file ov5640_hdmi_wrapper_power_routed.rpt -pb ov5640_hdmi_wrapper_power_summary_routed.pb -rpx ov5640_hdmi_wrapper_power_routed.rpx
| Design           : ov5640_hdmi_wrapper
| Device           : xc7z010clg400-2
| Design State     : routed
| Grade            : commercial
| Process          : typical
| Characterization : Production
-------------------------------------------------------------------------------------------------------------------------------------------------------------------------------

Power Report

Table of Contents
-----------------
1. Summary
1.1 On-Chip Components
1.2 Power Supply Summary
1.3 Confidence Level
2. Settings
2.1 Environment
2.2 Clock Constraints
3. Detailed Reports
3.1 By Hierarchy

1. Summary
----------

+--------------------------+--------------+
| Total On-Chip Power (W)  | 1.751        |
| Design Power Budget (W)  | Unspecified* |
| Power Budget Margin (W)  | NA           |
| Dynamic (W)              | 1.628        |
| Device Static (W)        | 0.122        |
| Effective TJA (C/W)      | 11.5         |
| Max Ambient (C)          | 64.8         |
| Junction Temperature (C) | 45.2         |
| Confidence Level         | Low          |
| Setting File             | ---          |
| Simulation Activity File | ---          |
| Design Nets Matched      | NA           |
+--------------------------+--------------+
* Specify Design Power Budget using, set_operating_conditions -design_power_budget <value in Watts>


1.1 On-Chip Components
----------------------

+--------------------------+-----------+----------+-----------+-----------------+
| On-Chip                  | Power (W) | Used     | Available | Utilization (%) |
+--------------------------+-----------+----------+-----------+-----------------+
| Clocks                   |     0.037 |        8 |       --- |             --- |
| Slice Logic              |     0.011 |    22243 |       --- |             --- |
|   LUT as Logic           |     0.009 |     6382 |     17600 |           36.26 |
|   Register               |    <0.001 |    11768 |     35200 |           33.43 |
|   CARRY4                 |    <0.001 |      242 |      4400 |            5.50 |
|   LUT as Distributed RAM |    <0.001 |      454 |      6000 |            7.57 |
|   BUFG                   |    <0.001 |        1 |        32 |            3.13 |
|   F7/F8 Muxes            |    <0.001 |      182 |     17600 |            1.03 |
|   LUT as Shift Register  |    <0.001 |      265 |      6000 |            4.42 |
|   Others                 |     0.000 |      871 |       --- |             --- |
| Signals                  |     0.014 |    15545 |       --- |             --- |
| Block RAM                |     0.003 |        7 |        60 |           11.67 |
| MMCM                     |     0.107 |        1 |         2 |           50.00 |
| I/O                      |     0.154 |       26 |       100 |           26.00 |
| PS7                      |     1.303 |        1 |       --- |             --- |
| Static Power             |     0.122 |          |           |                 |
| Total                    |     1.751 |          |           |                 |
+--------------------------+-----------+----------+-----------+-----------------+


1.2 Power Supply Summary
------------------------

+-----------+-------------+-----------+-------------+------------+-------------+-------------+------------+
| Source    | Voltage (V) | Total (A) | Dynamic (A) | Static (A) | Powerup (A) | Budget (A)  | Margin (A) |
+-----------+-------------+-----------+-------------+------------+-------------+-------------+------------+
| Vccint    |       1.000 |     0.075 |       0.068 |      0.008 |       NA    | Unspecified | NA         |
| Vccaux    |       1.800 |     0.068 |       0.060 |      0.008 |       NA    | Unspecified | NA         |
| Vcco33    |       3.300 |     0.047 |       0.046 |      0.001 |       NA    | Unspecified | NA         |
| Vcco25    |       2.500 |     0.000 |       0.000 |      0.000 |       NA    | Unspecified | NA         |
| Vcco18    |       1.800 |     0.000 |       0.000 |      0.000 |       NA    | Unspecified | NA         |
| Vcco15    |       1.500 |     0.000 |       0.000 |      0.000 |       NA    | Unspecified | NA         |
| Vcco135   |       1.350 |     0.000 |       0.000 |      0.000 |       NA    | Unspecified | NA         |
| Vcco12    |       1.200 |     0.000 |       0.000 |      0.000 |       NA    | Unspecified | NA         |
| Vccaux_io |       1.800 |     0.000 |       0.000 |      0.000 |       NA    | Unspecified | NA         |
| Vccbram   |       1.000 |     0.001 |       0.000 |      0.001 |       NA    | Unspecified | NA         |
| MGTAVcc   |       1.000 |     0.000 |       0.000 |      0.000 |       NA    | Unspecified | NA         |
| MGTAVtt   |       1.200 |     0.000 |       0.000 |      0.000 |       NA    | Unspecified | NA         |
| MGTVccaux |       1.800 |     0.000 |       0.000 |      0.000 |       NA    | Unspecified | NA         |
| Vccpint   |       1.000 |     0.727 |       0.696 |      0.031 |       NA    | Unspecified | NA         |
| Vccpaux   |       1.800 |     0.036 |       0.026 |      0.010 |       NA    | Unspecified | NA         |
| Vccpll    |       1.800 |     0.019 |       0.016 |      0.003 |       NA    | Unspecified | NA         |
| Vcco_ddr  |       1.500 |     0.356 |       0.354 |      0.002 |       NA    | Unspecified | NA         |
| Vcco_mio0 |       1.800 |     0.000 |       0.000 |      0.000 |       NA    | Unspecified | NA         |
| Vcco_mio1 |       1.800 |     0.001 |       0.000 |      0.001 |       NA    | Unspecified | NA         |
| Vccadc    |       1.800 |     0.020 |       0.000 |      0.020 |       NA    | Unspecified | NA         |
+-----------+-------------+-----------+-------------+------------+-------------+-------------+------------+


1.3 Confidence Level
--------------------

+-----------------------------+------------+--------------------------------------------------------+------------------------------------------------------------------------------------------------------------+
| User Input Data             | Confidence | Details                                                | Action                                                                                                     |
+-----------------------------+------------+--------------------------------------------------------+------------------------------------------------------------------------------------------------------------+
| Design implementation state | High       | Design is routed                                       |                                                                                                            |
| Clock nodes activity        | High       | User specified more than 95% of clocks                 |                                                                                                            |
| I/O nodes activity          | Low        | More than 75% of inputs are missing user specification | Provide missing input activity with simulation results or by editing the "By Resource Type -> I/Os" view   |
| Internal nodes activity     | Medium     | User specified less than 25% of internal nodes         | Provide missing internal nodes activity with simulation results or by editing the "By Resource Type" views |
| Device models               | High       | Device models are Production                           |                                                                                                            |
|                             |            |                                                        |                                                                                                            |
| Overall confidence level    | Low        |                                                        |                                                                                                            |
+-----------------------------+------------+--------------------------------------------------------+------------------------------------------------------------------------------------------------------------+


2. Settings
-----------

2.1 Environment
---------------

+-----------------------+------------------------+
| Ambient Temp (C)      | 25.0                   |
| ThetaJA (C/W)         | 11.5                   |
| Airflow (LFM)         | 250                    |
| Heat Sink             | none                   |
| ThetaSA (C/W)         | 0.0                    |
| Board Selection       | medium (10"x10")       |
| # of Board Layers     | 8to11 (8 to 11 Layers) |
| Board Temperature (C) | 25.0                   |
+-----------------------+------------------------+


2.2 Clock Constraints
---------------------

+------------------------+----------------------------------------------------------------+-----------------+
| Clock                  | Domain                                                         | Constraint (ns) |
+------------------------+----------------------------------------------------------------+-----------------+
| I                      | ov5640_hdmi_i/axi_dynclk_0/U0/Inst_mmcme2_drp/I                |             2.0 |
| axi_dynclk_0_PXL_CLK_O | ov5640_hdmi_i/axi_dynclk_0/U0/PXL_CLK_O                        |            10.0 |
| clk_fpga_0             | ov5640_hdmi_i/processing_system7_0/inst/FCLK_CLK_unbuffered[0] |            20.0 |
| clk_fpga_1             | ov5640_hdmi_i/processing_system7_0/inst/FCLK_CLK_unbuffered[1] |            10.0 |
| clk_fpga_2             | ov5640_hdmi_i/processing_system7_0/inst/FCLK_CLK_unbuffered[2] |            41.7 |
| mmcm_fbclk_out         | ov5640_hdmi_i/axi_dynclk_0/U0/Inst_mmcme2_drp/mmcm_fbclk_out   |            10.0 |
+------------------------+----------------------------------------------------------------+-----------------+


3. Detailed Reports
-------------------

3.1 By Hierarchy
----------------

+--------------------------+-----------+
| Name                     | Power (W) |
+--------------------------+-----------+
| ov5640_hdmi_wrapper      |     1.628 |
|   gpio_tri_iobuf_0       |     0.004 |
|   gpio_tri_iobuf_1       |     0.004 |
|   gpio_tri_iobuf_2       |     0.004 |
|   gpio_tri_iobuf_3       |     0.004 |
|   gpio_tri_iobuf_4       |     0.004 |
|   ov5640_hdmi_i          |     1.606 |
|     DVI_Transmitter_0    |     0.134 |
|       inst               |     0.134 |
|     axi_dynclk_0         |     0.109 |
|       U0                 |     0.109 |
|     axi_smc              |     0.021 |
|       inst               |     0.021 |
|     axi_vdma_0           |     0.017 |
|       U0                 |     0.017 |
|     processing_system7_0 |     1.304 |
|       inst               |     1.304 |
|     ps7_0_axi_periph     |     0.003 |
|       s00_couplers       |     0.002 |
|     v_axi4s_vid_out_0    |     0.004 |
|       inst               |     0.004 |
|     v_tc_0               |     0.011 |
|       U0                 |     0.011 |
|     v_vid_in_axi4s_0     |     0.002 |
|       inst               |     0.002 |
+--------------------------+-----------+


